<?xml version="1.0" encoding="UTF-8"?>
<!-- Generated by org.testng.reporters.JUnitReportReporter -->
<testsuite skipped="0" hostname="DESKTOP-C1282G7" name="com.appiumproject.test.App1" tests="1" failures="0" timestamp="17 Jun 2020 14:14:58 GMT" time="18.217" errors="0">
  <testcase name="openApp" time="18.217" classname="com.appiumproject.test.App1"/>
</testsuite> <!-- com.appiumproject.test.App1 -->
