<?xml version="1.0" encoding="UTF-8"?>
<!-- Generated by org.testng.reporters.JUnitReportReporter -->
<testsuite skipped="0" hostname="DESKTOP-C1282G7" name="com.appiumproject.test.App2" tests="1" failures="0" timestamp="18 Jun 2020 06:04:53 GMT" time="19.172" errors="0">
  <testcase name="openAppln" time="19.172" classname="com.appiumproject.test.App2"/>
</testsuite> <!-- com.appiumproject.test.App2 -->
